<?xml version="1.0" encoding="UTF-8"?>
<testng-results ignored="0" total="1" passed="1" failed="0" skipped="0">
  <reporter-output>
  </reporter-output>
  <suite started-at="2018-12-21T03:49:19Z" name="Default suite" finished-at="2018-12-21T03:50:33Z" duration-ms="74167">
    <groups>
    </groups>
    <test started-at="2018-12-21T03:49:19Z" name="Default test" finished-at="2018-12-21T03:50:33Z" duration-ms="74167">
      <class name="com.whitecircleschool.JenkinsDemo.HelloWorld">
        <test-method is-config="true" signature="openBrowser()[pri:0, instance:com.whitecircleschool.JenkinsDemo.HelloWorld@c86b9e3]" started-at="2018-12-21T03:49:19Z" name="openBrowser" finished-at="2018-12-21T03:50:31Z" duration-ms="71836" status="PASS">
          <reporter-output>
          </reporter-output>
        </test-method> <!-- openBrowser -->
        <test-method signature="titleVerification()[pri:0, instance:com.whitecircleschool.JenkinsDemo.HelloWorld@c86b9e3]" started-at="2018-12-21T03:50:31Z" name="titleVerification" finished-at="2018-12-21T03:50:31Z" duration-ms="10" status="PASS">
          <reporter-output>
          </reporter-output>
        </test-method> <!-- titleVerification -->
        <test-method is-config="true" signature="closeBrowser()[pri:0, instance:com.whitecircleschool.JenkinsDemo.HelloWorld@c86b9e3]" started-at="2018-12-21T03:50:31Z" name="closeBrowser" finished-at="2018-12-21T03:50:33Z" duration-ms="2309" status="PASS">
          <reporter-output>
          </reporter-output>
        </test-method> <!-- closeBrowser -->
      </class> <!-- com.whitecircleschool.JenkinsDemo.HelloWorld -->
    </test> <!-- Default test -->
  </suite> <!-- Default suite -->
</testng-results>
